Log Log Log
Mon Oct 14 21:41:05 2019
   Choosing option

Mon Oct 14 21:41:08 2019
   Choosing option

Tue Oct 15 13:11:25 2019
   Choosing option

Tue Oct 15 14:52:07 2019
   Choosing option

Tue Oct 15 14:52:11 2019
   Choosen option: 1

Tue Oct 15 14:58:27 2019
   Choosing option

Tue Oct 15 14:58:30 2019
   Choosen option: 1

Tue Oct 15 15:00:53 2019
   Choosing option

Tue Oct 15 15:00:57 2019
   Choosen option: 1

Tue Oct 15 15:02:25 2019
   Choosing option

Tue Oct 15 15:02:28 2019
   Choosen option: 1

Tue Oct 15 15:04:21 2019
   Choosing option

Tue Oct 15 15:04:25 2019
   Choosen option: 1

Tue Oct 15 15:05:07 2019
   Choosing option

Tue Oct 15 15:05:09 2019
   Choosen option: 1

Tue Oct 15 15:07:20 2019
   Choosing option

Tue Oct 15 15:07:23 2019
   Choosen option: 1

Tue Oct 15 15:10:42 2019
   Choosing option

Tue Oct 15 15:10:44 2019
   Choosen option: 1

Tue Oct 15 15:11:58 2019
   Choosing option

Tue Oct 15 15:12:00 2019
   Choosen option: 1

Tue Oct 15 15:12:18 2019
   Choosing option

Tue Oct 15 15:12:19 2019
   Choosen option: 1

Tue Oct 15 15:12:27 2019
   Choosing option

Tue Oct 15 15:12:30 2019
   Choosen option: 1

Tue Oct 15 15:12:55 2019
   Choosing option

Tue Oct 15 15:13:00 2019
   Choosen option: 1

Tue Oct 15 15:13:27 2019
   Choosing option

Tue Oct 15 15:13:28 2019
   Choosen option: 1

Tue Oct 15 15:13:41 2019
   Choosing option

Tue Oct 15 15:13:43 2019
   Choosen option: 1

Tue Oct 15 15:14:23 2019
   Choosing option

Tue Oct 15 15:14:25 2019
   Choosen option: 1

Tue Oct 15 15:15:53 2019
   Choosing option

Tue Oct 15 15:15:55 2019
   Choosen option: 1

Tue Oct 15 15:16:33 2019
   Choosing option

Tue Oct 15 15:16:36 2019
   Choosen option: 1

Tue Oct 15 15:17:53 2019
   Choosing option

Tue Oct 15 15:17:55 2019
   Choosen option: 1

Tue Oct 15 15:19:06 2019
   Choosing option

Tue Oct 15 15:19:08 2019
   Choosen option: 1

Tue Oct 15 15:20:15 2019
   Choosing option

Tue Oct 15 15:20:17 2019
   Choosen option: 1

Tue Oct 15 15:22:12 2019
   Choosing option

Tue Oct 15 15:22:14 2019
   Choosen option: 1

Tue Oct 15 15:23:25 2019
   Choosing option

Tue Oct 15 15:23:27 2019
   Choosen option: 1

Tue Oct 15 15:24:09 2019
   Choosing option

Tue Oct 15 15:24:12 2019
   Choosen option: 1

Tue Oct 15 15:24:43 2019
   Choosing option

Tue Oct 15 15:24:45 2019
   Choosen option: 1

Tue Oct 15 15:32:32 2019
   Choosing option

Tue Oct 15 15:32:35 2019
   Choosen option: 2

Tue Oct 15 15:33:16 2019
   Choosing option

Tue Oct 15 15:33:20 2019
   Choosen option: 2

Tue Oct 15 15:33:34 2019
   Choosing option

Tue Oct 15 15:33:37 2019
   Choosen option: 1

Tue Oct 15 15:33:52 2019
   Choosing option

Tue Oct 15 15:33:56 2019
   Choosen option: 2

Tue Oct 15 15:34:36 2019
   Choosing option

Tue Oct 15 15:34:40 2019
   Choosen option: 1

Tue Oct 15 15:35:09 2019
   Choosing option

Tue Oct 15 15:35:13 2019
   Choosen option: 2

Tue Oct 15 15:35:40 2019
   Choosing option

Tue Oct 15 15:35:43 2019
   Choosen option: 2

Tue Oct 15 15:37:34 2019
   Choosing option

Tue Oct 15 15:37:39 2019
   Choosen option: 2

Tue Oct 15 15:41:20 2019
   Choosing option

Tue Oct 15 15:41:22 2019
   Choosen option: 1

Tue Oct 15 15:41:40 2019
   Choosing option

Tue Oct 15 15:41:43 2019
   Choosen option: 2

Tue Oct 15 15:46:25 2019
   Choosing option

Tue Oct 15 15:46:26 2019
   Choosen option: 1

Tue Oct 15 15:46:37 2019
   Choosing option

Tue Oct 15 15:46:39 2019
   Choosen option: 2

Tue Oct 15 15:46:52 2019
   Choosing option

Tue Oct 15 15:46:59 2019
   Choosen option: 1

Tue Oct 15 15:47:20 2019
   Choosing option

Tue Oct 15 15:47:22 2019
   Choosen option: 2

Tue Oct 15 15:48:31 2019
   Choosing option

Tue Oct 15 15:48:33 2019
   Choosen option: 1

Tue Oct 15 15:48:48 2019
   Choosing option

Tue Oct 15 15:48:50 2019
   Choosen option: 1

Tue Oct 15 15:49:04 2019
   Choosing option

Tue Oct 15 15:49:07 2019
   Choosen option: 1

Tue Oct 15 15:51:04 2019
   Choosing option

Tue Oct 15 15:51:06 2019
   Choosen option: 1

Tue Oct 15 15:51:25 2019
   Choosing option

Tue Oct 15 15:51:28 2019
   Choosen option: 2

Tue Oct 15 15:59:27 2019
   Choosing option

Tue Oct 15 15:59:32 2019
   Choosen option: 1

Tue Oct 15 15:59:39 2019
   Choosing option

Tue Oct 15 15:59:43 2019
   Choosen option: 2

Tue Oct 15 15:59:49 2019
   Choosing option

Tue Oct 15 15:59:51 2019
   Choosen option: 2

Tue Oct 15 16:09:24 2019
   Choosing option

Tue Oct 15 16:09:28 2019
   Choosen option: 1

Tue Oct 15 16:09:32 2019
   Choosing option

Tue Oct 15 16:09:35 2019
   Choosen option: 1

Tue Oct 15 16:10:16 2019
   Choosing option

Tue Oct 15 16:10:22 2019
   Choosen option: 3

Tue Oct 15 16:10:22 2019
   Choosing option

Tue Oct 15 16:10:23 2019
   Choosen option: 3

Tue Oct 15 16:10:23 2019
   Choosing option

